<?xml version="1.0" encoding="UTF-8"?>
<!-- Generated by org.testng.reporters.JUnitReportReporter -->
<testsuite hostname="IN-C335VQ3" failures="0" tests="1" name="testcases.AddtoCart" time="9.142" errors="0" timestamp="2022-11-16T11:24:02 IST" skipped="0">
  <testcase classname="testcases.AddtoCart" name="Tc_SL_034" time="9.142"/>
  <system-out/>
</testsuite> <!-- testcases.AddtoCart -->
