<?xml version="1.0" encoding="UTF-8"?>
<!-- Generated by org.testng.reporters.JUnitReportReporter -->
<testsuite hostname="IN-C335VQ3" failures="0" tests="6" name="testcases.Login" time="17.867" errors="0" timestamp="2022-11-17T19:23:27 IST" skipped="0">
  <testcase classname="testcases.Login" name="Tc_SL_004to009" time="2.089"/>
  <system-out/>
  <testcase classname="testcases.Login" name="Tc_SL_004to009" time="2.654"/>
  <system-out/>
  <testcase classname="testcases.Login" name="Tc_SL_004to009" time="2.321"/>
  <system-out/>
  <testcase classname="testcases.Login" name="Tc_SL_004to009" time="6.319"/>
  <system-out/>
  <testcase classname="testcases.Login" name="Tc_SL_004to009" time="2.312"/>
  <system-out/>
  <testcase classname="testcases.Login" name="Tc_SL_004to009" time="2.172"/>
  <system-out/>
</testsuite> <!-- testcases.Login -->
