<?xml version="1.0" encoding="UTF-8"?>
<!-- Generated by org.testng.reporters.JUnitReportReporter -->
<testsuite hostname="IN-C335VQ3" failures="0" tests="3" name="testcases.Remove" time="22.611" errors="0" timestamp="2022-11-16T11:34:41 IST" skipped="0">
  <testcase classname="testcases.Remove" name="Tc_SL_032" time="8.386"/>
  <system-out/>
  <testcase classname="testcases.Remove" name="Tc_SL_034" time="8.310"/>
  <system-out/>
  <testcase classname="testcases.Remove" name="Tc_SL_033" time="5.915"/>
  <system-out/>
</testsuite> <!-- testcases.Remove -->
