<?xml version="1.0" encoding="UTF-8"?>
<!-- Generated by org.testng.reporters.JUnitReportReporter -->
<testsuite hostname="IN-C335VQ3" failures="0" tests="1" name="testcases.Loggedin" time="4.856" errors="0" timestamp="2022-11-15T18:58:00 IST" skipped="0">
  <testcase classname="testcases.Loggedin" name="Login" time="4.856"/>
  <system-out/>
</testsuite> <!-- testcases.Loggedin -->
