<?xml version="1.0" encoding="UTF-8"?>
<!-- Generated by org.testng.reporters.JUnitReportReporter -->
<testsuite hostname="IN-C335VQ3" failures="0" tests="4" name="testcases.Filter" time="18.082" errors="0" timestamp="2022-11-17T19:23:27 IST" skipped="0">
  <testcase classname="testcases.Filter" name="Tc_SL_020" time="4.367"/>
  <system-out/>
  <testcase classname="testcases.Filter" name="Tc_SL_021" time="4.473"/>
  <system-out/>
  <testcase classname="testcases.Filter" name="Tc_SL_018" time="4.538"/>
  <system-out/>
  <testcase classname="testcases.Filter" name="Tc_SL_019" time="4.704"/>
  <system-out/>
</testsuite> <!-- testcases.Filter -->
