<?xml version="1.0" encoding="UTF-8"?>
<!-- Generated by org.testng.reporters.JUnitReportReporter -->
<testsuite hostname="IN-C335VQ3" failures="0" tests="1" name="testcases.Product" time="2.046" errors="0" timestamp="2022-11-17T19:23:27 IST" skipped="0">
  <testcase classname="testcases.Product" name="Tc_SL_023" time="2.046"/>
  <system-out/>
</testsuite> <!-- testcases.Product -->
