<?xml version="1.0" encoding="UTF-8"?>
<!-- Generated by org.testng.reporters.JUnitReportReporter -->
<testsuite hostname="IN-C335VQ3" failures="0" tests="7" name="testcases.LoginSL" time="55.370" errors="0" timestamp="2022-11-16T16:38:24 IST" skipped="0">
  <testcase classname="testcases.LoginSL" name="Tc_SL_007" time="7.551"/>
  <system-out/>
  <testcase classname="testcases.LoginSL" name="Tc_SL_004" time="8.760"/>
  <system-out/>
  <testcase classname="testcases.LoginSL" name="Tc_SL_009" time="6.944"/>
  <system-out/>
  <testcase classname="testcases.LoginSL" name="Tc_SL_003" time="6.937"/>
  <system-out/>
  <testcase classname="testcases.LoginSL" name="Tc_SL_005" time="9.871"/>
  <system-out/>
  <testcase classname="testcases.LoginSL" name="Tc_SL_008" time="7.655"/>
  <system-out/>
  <testcase classname="testcases.LoginSL" name="Tc_SL_006" time="7.652"/>
  <system-out/>
</testsuite> <!-- testcases.LoginSL -->
