<?xml version="1.0" encoding="UTF-8"?>
<!-- Generated by org.testng.reporters.JUnitReportReporter -->
<testsuite hostname="IN-C335VQ3" failures="0" tests="3" name="testcases.Socialconnect" time="22.586" errors="0" timestamp="2022-11-17T19:23:27 IST" skipped="0">
  <testcase classname="testcases.Socialconnect" name="Tc_SL_024" time="6.218"/>
  <system-out/>
  <testcase classname="testcases.Socialconnect" name="Tc_SL_025" time="6.236"/>
  <system-out/>
  <testcase classname="testcases.Socialconnect" name="Tc_SL_026" time="10.132"/>
  <system-out/>
</testsuite> <!-- testcases.Socialconnect -->
