<?xml version="1.0" encoding="UTF-8"?>
<!-- Generated by org.testng.reporters.JUnitReportReporter -->
<testsuite hostname="IN-C335VQ3" failures="0" tests="5" name="testcases.Checkout" time="41.433" errors="0" timestamp="2022-11-17T19:23:27 IST" skipped="0">
  <testcase classname="testcases.Checkout" name="Tc_SL_046t0049" time="8.936"/>
  <system-out/>
  <testcase classname="testcases.Checkout" name="Tc_SL_042043" time="6.496"/>
  <system-out/>
  <testcase classname="testcases.Checkout" name="Tc_SL_046t0049" time="8.513"/>
  <system-out/>
  <testcase classname="testcases.Checkout" name="Tc_SL_046t0049" time="8.674"/>
  <system-out/>
  <testcase classname="testcases.Checkout" name="Tc_SL_046t0049" time="8.814"/>
  <system-out/>
</testsuite> <!-- testcases.Checkout -->
