<?xml version="1.0" encoding="UTF-8"?>
<!-- Generated by org.testng.reporters.JUnitReportReporter -->
<testsuite hostname="IN-C335VQ3" failures="0" tests="2" name="testcases.Application" time="20.824" errors="0" timestamp="2022-11-16T18:28:26 IST" skipped="0">
  <testcase classname="testcases.Application" name="Tc_SL_002" time="9.135"/>
  <system-out/>
  <testcase classname="testcases.Application" name="Tc_SL_001" time="11.689"/>
  <system-out/>
</testsuite> <!-- testcases.Application -->
