<?xml version="1.0" encoding="UTF-8"?>
<!-- Generated by org.testng.reporters.JUnitReportReporter -->
<testsuite hostname="IN-C335VQ3" failures="0" tests="3" name="testcases.CheckoutoverviewandBackhome" time="38.866" errors="0" timestamp="2022-11-17T19:23:27 IST" skipped="0">
  <testcase classname="testcases.CheckoutoverviewandBackhome" name="Tc_SL_056" time="14.058"/>
  <system-out/>
  <testcase classname="testcases.CheckoutoverviewandBackhome" name="Tc_SL_054" time="11.025"/>
  <system-out/>
  <testcase classname="testcases.CheckoutoverviewandBackhome" name="Tc_SL_055" time="13.783"/>
  <system-out/>
</testsuite> <!-- testcases.CheckoutoverviewandBackhome -->
