<?xml version="1.0" encoding="UTF-8"?>
<!-- Generated by org.testng.reporters.JUnitReportReporter -->
<testsuite hostname="IN-C335VQ3" failures="0" tests="7" name="testcases.Menu" time="54.944" errors="0" timestamp="2022-11-17T19:23:27 IST" skipped="0">
  <testcase classname="testcases.Menu" name="Tc_SL_011" time="8.579"/>
  <system-out/>
  <testcase classname="testcases.Menu" name="Tc_SL_017" time="6.613"/>
  <system-out/>
  <testcase classname="testcases.Menu" name="Tc_SL_010" time="4.109"/>
  <system-out/>
  <testcase classname="testcases.Menu" name="Tc_SL_014" time="12.165"/>
  <system-out/>
  <testcase classname="testcases.Menu" name="Tc_SL_012" time="9.520"/>
  <system-out/>
  <testcase classname="testcases.Menu" name="Tc_SL_013" time="7.641"/>
  <system-out/>
  <testcase classname="testcases.Menu" name="Tc_SL_015" time="6.317"/>
  <system-out/>
</testsuite> <!-- testcases.Menu -->
