<?xml version="1.0" encoding="UTF-8"?>
<!-- Generated by org.testng.reporters.JUnitReportReporter -->
<testsuite hostname="IN-C335VQ3" failures="0" tests="1" name="testcases.TimeLogout" time="605.348" errors="0" timestamp="2022-11-16T17:30:22 IST" skipped="0">
  <testcase classname="testcases.TimeLogout" name="Tc_SL_057" time="605.348"/>
  <system-out/>
</testsuite> <!-- testcases.TimeLogout -->
